<?xml version="1.0" encoding="UTF-8"?>
<coverage generated="1557739244391" clover="3.2.0">
  <project timestamp="1557739244391" name="All files">
    <metrics statements="41" coveredstatements="29" conditionals="10" coveredconditionals="7" methods="9" coveredmethods="8" elements="60" coveredelements="44" complexity="0" loc="41" ncloc="41" packages="3" files="4" classes="4">
      <package name="src">
        <metrics statements="10" coveredstatements="5" conditionals="0" coveredconditionals="0" methods="1" coveredmethods="0"/>
        <file name="App.vue" path="/Users/korirdesmond/Documents/projects/vue/random-phone-number-generator/src/App.vue">
          <metrics statements="10" coveredstatements="5" conditionals="0" coveredconditionals="0" methods="1" coveredmethods="0"/>
          <line num="39" count="1" type="stmt"/>
          <line num="40" count="1" type="stmt"/>
          <line num="41" count="1" type="stmt"/>
          <line num="50" count="1" type="stmt"/>
          <line num="53" count="1" type="stmt"/>
          <line num="62" count="0" type="stmt"/>
          <line num="63" count="0" type="stmt"/>
          <line num="64" count="0" type="stmt"/>
          <line num="65" count="0" type="stmt"/>
          <line num="66" count="0" type="stmt"/>
        </file>
      </package>
      <package name="src.components">
        <metrics statements="14" coveredstatements="7" conditionals="10" coveredconditionals="7" methods="4" coveredmethods="4"/>
        <file name="Button.vue" path="/Users/korirdesmond/Documents/projects/vue/random-phone-number-generator/src/components/Button.vue">
          <metrics statements="13" coveredstatements="6" conditionals="10" coveredconditionals="7" methods="3" coveredmethods="3"/>
          <line num="87" count="2" type="stmt"/>
          <line num="93" count="2" type="stmt"/>
          <line num="96" count="2" type="cond" truecount="2" falsecount="0"/>
          <line num="99" count="2" type="cond" truecount="2" falsecount="0"/>
          <line num="102" count="2" type="cond" truecount="2" falsecount="0"/>
          <line num="112" count="2" type="cond" truecount="1" falsecount="3"/>
          <line num="123" count="0" type="stmt"/>
          <line num="124" count="0" type="stmt"/>
          <line num="127" count="0" type="stmt"/>
          <line num="128" count="0" type="stmt"/>
          <line num="129" count="0" type="stmt"/>
          <line num="130" count="0" type="stmt"/>
          <line num="131" count="0" type="stmt"/>
        </file>
        <file name="TableComponent.vue" path="/Users/korirdesmond/Documents/projects/vue/random-phone-number-generator/src/components/TableComponent.vue">
          <metrics statements="1" coveredstatements="1" conditionals="0" coveredconditionals="0" methods="1" coveredmethods="1"/>
          <line num="28" count="2" type="stmt"/>
        </file>
      </package>
      <package name="src.helpers">
        <metrics statements="17" coveredstatements="17" conditionals="0" coveredconditionals="0" methods="4" coveredmethods="4"/>
        <file name="index.js" path="/Users/korirdesmond/Documents/projects/vue/random-phone-number-generator/src/helpers/index.js">
          <metrics statements="17" coveredstatements="17" conditionals="0" coveredconditionals="0" methods="4" coveredmethods="4"/>
          <line num="2" count="1" type="stmt"/>
          <line num="3" count="10" type="stmt"/>
          <line num="4" count="10" type="stmt"/>
          <line num="5" count="10" type="stmt"/>
          <line num="8" count="1" type="stmt"/>
          <line num="9" count="1" type="stmt"/>
          <line num="10" count="1" type="stmt"/>
          <line num="11" count="10" type="stmt"/>
          <line num="12" count="10" type="stmt"/>
          <line num="13" count="10" type="stmt"/>
          <line num="14" count="10" type="stmt"/>
          <line num="16" count="1" type="stmt"/>
          <line num="19" count="1" type="stmt"/>
          <line num="20" count="1" type="stmt"/>
          <line num="21" count="1" type="stmt"/>
          <line num="22" count="10" type="stmt"/>
          <line num="24" count="1" type="stmt"/>
        </file>
      </package>
    </metrics>
  </project>
</coverage>
