<?xml version="1.0" encoding="UTF-8"?>
<coverage generated="1557310916316" clover="3.2.0">
  <project timestamp="1557310916316" name="All files">
    <metrics statements="29" coveredstatements="23" conditionals="0" coveredconditionals="0" methods="6" coveredmethods="5" elements="35" coveredelements="28" complexity="0" loc="29" ncloc="29" packages="4" files="4" classes="4">
      <package name="src">
        <metrics statements="7" coveredstatements="5" conditionals="0" coveredconditionals="0" methods="1" coveredmethods="0"/>
        <file name="App.vue" path="/Users/korirdesmond/Documents/projects/vue/random-phone-number-generator/src/App.vue">
          <metrics statements="7" coveredstatements="5" conditionals="0" coveredconditionals="0" methods="1" coveredmethods="0"/>
          <line num="10" count="1" type="stmt"/>
          <line num="11" count="1" type="stmt"/>
          <line num="12" count="1" type="stmt"/>
          <line num="21" count="1" type="stmt"/>
          <line num="24" count="1" type="stmt"/>
          <line num="30" count="0" type="stmt"/>
          <line num="31" count="0" type="stmt"/>
        </file>
      </package>
      <package name="src.components">
        <metrics statements="1" coveredstatements="1" conditionals="0" coveredconditionals="0" methods="1" coveredmethods="1"/>
        <file name="TableComponent.vue" path="/Users/korirdesmond/Documents/projects/vue/random-phone-number-generator/src/components/TableComponent.vue">
          <metrics statements="1" coveredstatements="1" conditionals="0" coveredconditionals="0" methods="1" coveredmethods="1"/>
          <line num="28" count="2" type="stmt"/>
        </file>
      </package>
      <package name="src.helpers">
        <metrics statements="17" coveredstatements="17" conditionals="0" coveredconditionals="0" methods="4" coveredmethods="4"/>
        <file name="index.js" path="/Users/korirdesmond/Documents/projects/vue/random-phone-number-generator/src/helpers/index.js">
          <metrics statements="17" coveredstatements="17" conditionals="0" coveredconditionals="0" methods="4" coveredmethods="4"/>
          <line num="2" count="1" type="stmt"/>
          <line num="3" count="10002" type="stmt"/>
          <line num="4" count="10002" type="stmt"/>
          <line num="5" count="10002" type="stmt"/>
          <line num="8" count="1" type="stmt"/>
          <line num="9" count="1" type="stmt"/>
          <line num="10" count="1" type="stmt"/>
          <line num="11" count="10001" type="stmt"/>
          <line num="12" count="10001" type="stmt"/>
          <line num="13" count="10001" type="stmt"/>
          <line num="14" count="10001" type="stmt"/>
          <line num="16" count="1" type="stmt"/>
          <line num="19" count="1" type="stmt"/>
          <line num="20" count="1" type="stmt"/>
          <line num="21" count="1" type="stmt"/>
          <line num="22" count="10002" type="stmt"/>
          <line num="24" count="1" type="stmt"/>
        </file>
      </package>
      <package name="src.plugins">
        <metrics statements="4" coveredstatements="0" conditionals="0" coveredconditionals="0" methods="0" coveredmethods="0"/>
        <file name="vuetify.js" path="/Users/korirdesmond/Documents/projects/vue/random-phone-number-generator/src/plugins/vuetify.js">
          <metrics statements="4" coveredstatements="0" conditionals="0" coveredconditionals="0" methods="0" coveredmethods="0"/>
          <line num="1" count="0" type="stmt"/>
          <line num="2" count="0" type="stmt"/>
          <line num="3" count="0" type="stmt"/>
          <line num="5" count="0" type="stmt"/>
        </file>
      </package>
    </metrics>
  </project>
</coverage>
