{"/Users/korirdesmond/Documents/projects/vue/random-phone-number-generator/src/App.vue": {"path":"/Users/korirdesmond/Documents/projects/vue/random-phone-number-generator/src/App.vue","statementMap":{"0":{"start":{"line":39,"column":0},"end":{"line":null,"column":-1}},"1":{"start":{"line":40,"column":0},"end":{"line":null,"column":-1}},"2":{"start":{"line":41,"column":0},"end":{"line":null,"column":-1}},"3":{"start":{"line":50,"column":0},"end":{"line":null,"column":-1}},"4":{"start":{"line":53,"column":0},"end":{"line":null,"column":-1}},"5":{"start":{"line":62,"column":0},"end":{"line":null,"column":-1}},"6":{"start":{"line":63,"column":0},"end":{"line":null,"column":-1}},"7":{"start":{"line":64,"column":0},"end":{"line":null,"column":-1}},"8":{"start":{"line":65,"column":0},"end":{"line":null,"column":-1}},"9":{"start":{"line":66,"column":0},"end":{"line":null,"column":-1}}},"fnMap":{"0":{"name":"(anonymous_1)","decl":{"start":{"line":61,"column":0},"end":{"line":null,"column":-1}},"loc":{"start":{"line":61,"column":0},"end":{"line":67,"column":0}}}},"branchMap":{},"s":{"0":1,"1":1,"2":1,"3":1,"4":1,"5":0,"6":0,"7":0,"8":0,"9":0},"f":{"0":0},"b":{}}
,"/Users/korirdesmond/Documents/projects/vue/random-phone-number-generator/src/components/Button.vue": {"path":"/Users/korirdesmond/Documents/projects/vue/random-phone-number-generator/src/components/Button.vue","statementMap":{"0":{"start":{"line":87,"column":0},"end":{"line":null,"column":-1}},"1":{"start":{"line":93,"column":0},"end":{"line":null,"column":-1}},"2":{"start":{"line":96,"column":0},"end":{"line":null,"column":-1}},"3":{"start":{"line":99,"column":0},"end":{"line":null,"column":-1}},"4":{"start":{"line":102,"column":0},"end":{"line":null,"column":-1}},"5":{"start":{"line":112,"column":0},"end":{"line":null,"column":-1}},"6":{"start":{"line":123,"column":0},"end":{"line":null,"column":-1}},"7":{"start":{"line":124,"column":0},"end":{"line":null,"column":-1}},"8":{"start":{"line":127,"column":0},"end":{"line":null,"column":-1}},"9":{"start":{"line":128,"column":0},"end":{"line":null,"column":-1}},"10":{"start":{"line":129,"column":0},"end":{"line":null,"column":-1}},"11":{"start":{"line":130,"column":0},"end":{"line":null,"column":-1}},"12":{"start":{"line":131,"column":0},"end":{"line":null,"column":-1}}},"fnMap":{"0":{"name":"(anonymous_1)","decl":{"start":{"line":96,"column":0},"end":{"line":null,"column":-1}},"loc":{"start":{"line":96,"column":0},"end":{"line":null,"column":-1}}},"1":{"name":"(anonymous_2)","decl":{"start":{"line":99,"column":0},"end":{"line":null,"column":-1}},"loc":{"start":{"line":99,"column":0},"end":{"line":null,"column":-1}}},"2":{"name":"(anonymous_3)","decl":{"start":{"line":102,"column":0},"end":{"line":null,"column":-1}},"loc":{"start":{"line":102,"column":0},"end":{"line":null,"column":-1}}}},"branchMap":{"0":{"loc":{"start":{"line":96,"column":0},"end":{"line":null,"column":-1}},"type":"binary-expr","locations":[{"start":{"line":96,"column":0},"end":{"line":null,"column":-1}},{"start":{"line":96,"column":0},"end":{"line":null,"column":-1}}]},"1":{"loc":{"start":{"line":99,"column":0},"end":{"line":null,"column":-1}},"type":"binary-expr","locations":[{"start":{"line":99,"column":0},"end":{"line":null,"column":-1}},{"start":{"line":99,"column":0},"end":{"line":null,"column":-1}}]},"2":{"loc":{"start":{"line":102,"column":0},"end":{"line":null,"column":-1}},"type":"binary-expr","locations":[{"start":{"line":102,"column":0},"end":{"line":null,"column":-1}},{"start":{"line":102,"column":0},"end":{"line":null,"column":-1}}]},"3":{"loc":{"start":{"line":112,"column":0},"end":{"line":null,"column":-1}},"type":"binary-expr","locations":[{"start":{"line":112,"column":0},"end":{"line":null,"column":-1}},{"start":{"line":112,"column":0},"end":{"line":null,"column":-1}},{"start":{"line":112,"column":0},"end":{"line":null,"column":-1}},{"start":{"line":112,"column":0},"end":{"line":null,"column":-1}}]}},"s":{"0":2,"1":2,"2":2,"3":2,"4":2,"5":2,"6":0,"7":0,"8":0,"9":0,"10":0,"11":0,"12":0},"f":{"0":2,"1":2,"2":2},"b":{"0":[2,2],"1":[2,2],"2":[2,2],"3":[2,0,0,0]}}
,"/Users/korirdesmond/Documents/projects/vue/random-phone-number-generator/src/components/TableComponent.vue": {"path":"/Users/korirdesmond/Documents/projects/vue/random-phone-number-generator/src/components/TableComponent.vue","statementMap":{"0":{"start":{"line":28,"column":0},"end":{"line":null,"column":-1}}},"fnMap":{"0":{"name":"(anonymous_1)","decl":{"start":{"line":28,"column":0},"end":{"line":null,"column":-1}},"loc":{"start":{"line":28,"column":0},"end":{"line":null,"column":-1}}}},"branchMap":{},"s":{"0":2},"f":{"0":2},"b":{}}
,"/Users/korirdesmond/Documents/projects/vue/random-phone-number-generator/src/helpers/index.js": {"path":"/Users/korirdesmond/Documents/projects/vue/random-phone-number-generator/src/helpers/index.js","statementMap":{"0":{"start":{"line":2,"column":24},"end":{"line":6,"column":1}},"1":{"start":{"line":3,"column":14},"end":{"line":3,"column":30}},"2":{"start":{"line":4,"column":14},"end":{"line":4,"column":29}},"3":{"start":{"line":5,"column":2},"end":{"line":5,"column":52}},"4":{"start":{"line":8,"column":29},"end":{"line":17,"column":1}},"5":{"start":{"line":9,"column":18},"end":{"line":9,"column":20}},"6":{"start":{"line":10,"column":2},"end":{"line":15,"column":4}},"7":{"start":{"line":11,"column":16},"end":{"line":11,"column":28}},"8":{"start":{"line":12,"column":4},"end":{"line":12,"column":37}},"9":{"start":{"line":13,"column":4},"end":{"line":13,"column":33}},"10":{"start":{"line":14,"column":4},"end":{"line":14,"column":24}},"11":{"start":{"line":16,"column":2},"end":{"line":16,"column":19}},"12":{"start":{"line":19,"column":32},"end":{"line":25,"column":1}},"13":{"start":{"line":20,"column":15},"end":{"line":20,"column":24}},"14":{"start":{"line":21,"column":2},"end":{"line":23,"column":3}},"15":{"start":{"line":22,"column":4},"end":{"line":22,"column":42}},"16":{"start":{"line":24,"column":2},"end":{"line":24,"column":47}}},"fnMap":{"0":{"name":"(anonymous_0)","decl":{"start":{"line":2,"column":24},"end":{"line":2,"column":25}},"loc":{"start":{"line":2,"column":40},"end":{"line":6,"column":1}},"line":2},"1":{"name":"(anonymous_1)","decl":{"start":{"line":8,"column":29},"end":{"line":8,"column":30}},"loc":{"start":{"line":8,"column":42},"end":{"line":17,"column":1}},"line":8},"2":{"name":"(anonymous_2)","decl":{"start":{"line":10,"column":31},"end":{"line":10,"column":32}},"loc":{"start":{"line":10,"column":38},"end":{"line":15,"column":3}},"line":10},"3":{"name":"(anonymous_3)","decl":{"start":{"line":19,"column":32},"end":{"line":19,"column":33}},"loc":{"start":{"line":19,"column":56},"end":{"line":25,"column":1}},"line":19}},"branchMap":{},"s":{"0":1,"1":10,"2":10,"3":10,"4":1,"5":1,"6":1,"7":10,"8":10,"9":10,"10":10,"11":1,"12":1,"13":1,"14":1,"15":10,"16":1},"f":{"0":10,"1":1,"2":10,"3":1},"b":{},"_coverageSchema":"332fd63041d2c1bcb487cc26dd0d5f7d97098a6c","hash":"528841a1ff13770ada79ec248ddcfe058645c44c"}
}
