TN:
SF:/Users/korirdesmond/Documents/projects/vue/random-phone-number-generator/src/App.vue
FN:61,(anonymous_1)
FNF:1
FNH:0
FNDA:0,(anonymous_1)
DA:39,1
DA:40,1
DA:41,1
DA:50,1
DA:53,1
DA:62,0
DA:63,0
DA:64,0
DA:65,0
DA:66,0
LF:10
LH:5
BRF:0
BRH:0
end_of_record
TN:
SF:/Users/korirdesmond/Documents/projects/vue/random-phone-number-generator/src/components/Button.vue
FN:96,(anonymous_1)
FN:99,(anonymous_2)
FN:102,(anonymous_3)
FNF:3
FNH:3
FNDA:2,(anonymous_1)
FNDA:2,(anonymous_2)
FNDA:2,(anonymous_3)
DA:87,2
DA:93,2
DA:96,2
DA:99,2
DA:102,2
DA:112,2
DA:123,0
DA:124,0
DA:127,0
DA:128,0
DA:129,0
DA:130,0
DA:131,0
LF:13
LH:6
BRDA:96,0,0,2
BRDA:96,0,1,2
BRDA:99,1,0,2
BRDA:99,1,1,2
BRDA:102,2,0,2
BRDA:102,2,1,2
BRDA:112,3,0,2
BRDA:112,3,1,0
BRDA:112,3,2,0
BRDA:112,3,3,0
BRF:10
BRH:7
end_of_record
TN:
SF:/Users/korirdesmond/Documents/projects/vue/random-phone-number-generator/src/components/TableComponent.vue
FN:28,(anonymous_1)
FNF:1
FNH:1
FNDA:2,(anonymous_1)
DA:28,2
LF:1
LH:1
BRF:0
BRH:0
end_of_record
TN:
SF:/Users/korirdesmond/Documents/projects/vue/random-phone-number-generator/src/helpers/index.js
FN:2,(anonymous_0)
FN:8,(anonymous_1)
FN:10,(anonymous_2)
FN:19,(anonymous_3)
FNF:4
FNH:4
FNDA:10,(anonymous_0)
FNDA:1,(anonymous_1)
FNDA:10,(anonymous_2)
FNDA:1,(anonymous_3)
DA:2,1
DA:3,10
DA:4,10
DA:5,10
DA:8,1
DA:9,1
DA:10,1
DA:11,10
DA:12,10
DA:13,10
DA:14,10
DA:16,1
DA:19,1
DA:20,1
DA:21,1
DA:22,10
DA:24,1
LF:17
LH:17
BRF:0
BRH:0
end_of_record
